TN:
SF:src/migrations.ts
FNF:1
FNH:1
DA:3,32
DA:4,5
DA:5,32
DA:6,241
DA:14,4
DA:15,5
DA:16,33
DA:17,275
DA:26,4
DA:27,5
DA:28,34
DA:29,94
DA:33,4
DA:34,5
DA:35,35
DA:36,96
DA:40,4
DA:41,5
DA:42,47
DA:43,104
DA:47,4
DA:48,5
DA:49,40
DA:50,118
DA:54,4
DA:55,5
DA:56,37
DA:57,305
DA:66,4
DA:67,5
DA:68,41
DA:69,538
DA:83,4
DA:84,5
DA:85,43
DA:86,359
DA:96,4
DA:97,5
DA:98,47
DA:99,363
DA:109,2
DA:110,1
LF:42
LH:42
end_of_record
TN:
SF:src/service.ts
FNF:51
FNH:49
DA:1,146
DA:2,84
DA:3,92
DA:29,160
DA:30,242
DA:42,70
DA:43,34
DA:44,44
DA:45,38
DA:46,4
DA:48,62
DA:49,150
DA:50,138
DA:51,4
DA:53,57
DA:54,54
DA:56,37
DA:57,124
DA:58,126
DA:59,86
DA:60,112
DA:62,86
DA:63,44
DA:64,74
DA:65,14
DA:67,28
DA:68,36
DA:69,38
DA:70,52
DA:71,36
DA:72,50
DA:73,40
DA:74,0
DA:75,0
DA:76,0
DA:77,0
DA:78,0
DA:79,0
DA:80,0
DA:81,0
DA:82,0
DA:83,0
DA:84,0
DA:85,0
DA:86,0
DA:87,0
DA:88,0
DA:89,0
DA:90,0
DA:91,0
DA:92,0
DA:93,0
DA:94,0
DA:95,0
DA:96,0
DA:97,0
DA:98,0
DA:99,0
DA:100,0
DA:101,0
DA:102,0
DA:103,0
DA:104,0
DA:105,7
DA:107,2
DA:109,81
DA:110,24
DA:111,28
DA:112,36
DA:113,28
DA:114,8
DA:116,3
DA:118,43
DA:119,187
DA:122,43
DA:123,73
DA:126,68
DA:127,63
DA:130,36
DA:131,73
DA:134,71
DA:135,54
DA:136,59
DA:139,87
DA:140,112
DA:141,161
DA:144,90
DA:145,78
DA:146,56
DA:148,90
DA:150,81
DA:151,150
DA:152,123
DA:153,5
DA:155,25
DA:158,90
DA:159,150
DA:160,90
DA:161,68
DA:163,107
DA:164,132
DA:165,44
DA:166,5
DA:168,63
DA:171,74
DA:172,56
DA:175,98
DA:176,96
DA:177,92
DA:179,200
DA:180,76
DA:181,156
DA:182,170
DA:183,64
DA:185,28
DA:186,36
DA:187,50
DA:188,96
DA:189,164
DA:190,79
DA:191,199
DA:192,13
DA:194,112
DA:195,108
DA:197,210
DA:199,184
DA:202,61
DA:203,73
DA:204,188
DA:206,66
DA:208,13
DA:209,13
DA:211,104
DA:212,100
DA:214,82
DA:215,46
DA:216,54
DA:217,58
DA:218,108
DA:219,84
DA:220,18
DA:222,44
DA:225,56
DA:226,74
DA:228,132
DA:229,161
DA:230,106
DA:231,134
DA:232,210
DA:234,128
DA:235,130
DA:236,142
DA:237,122
DA:238,104
DA:239,104
DA:240,138
DA:241,138
DA:243,32
DA:244,66
DA:245,100
DA:246,28
DA:247,42
DA:248,44
DA:249,66
DA:250,17
DA:253,51
DA:254,92
DA:256,69
DA:257,36
DA:258,46
DA:259,72
DA:260,9
DA:261,13
DA:263,167
DA:264,36
DA:265,46
DA:266,74
DA:267,9
DA:268,13
DA:270,69
DA:271,36
DA:272,46
DA:273,88
DA:274,9
DA:275,13
DA:277,135
DA:278,36
DA:279,46
DA:280,88
DA:281,9
DA:282,13
DA:284,32
DA:285,34
DA:286,22
DA:289,35
DA:290,116
DA:291,186
DA:292,49
DA:293,86
DA:294,58
DA:295,66
DA:296,58
DA:297,88
DA:298,22
DA:299,61
DA:300,13
DA:302,320
DA:305,90
DA:309,54
DA:310,39
DA:311,152
DA:312,86
DA:313,58
DA:314,66
DA:315,80
DA:316,88
DA:317,22
DA:318,29
DA:319,13
DA:321,131
DA:322,152
DA:323,86
DA:324,58
DA:325,52
DA:326,66
DA:327,80
DA:328,88
DA:329,22
DA:330,29
DA:331,13
DA:333,114
DA:334,108
DA:335,82
DA:336,44
DA:337,50
DA:338,54
DA:339,84
DA:340,18
DA:342,45
DA:345,44
DA:346,106
DA:347,30
DA:348,40
DA:349,13
DA:351,126
DA:352,82
DA:353,62
DA:354,48
DA:355,52
DA:356,130
DA:357,84
DA:358,18
DA:360,49
DA:363,58
DA:364,150
DA:365,49
DA:366,86
DA:367,78
DA:368,84
DA:369,88
DA:370,22
DA:371,29
DA:372,13
DA:374,82
DA:375,64
DA:376,68
DA:377,134
DA:378,84
DA:379,18
DA:381,53
DA:384,49
DA:385,160
DA:386,100
DA:388,54
DA:389,114
DA:391,122
DA:392,88
DA:393,98
DA:394,158
DA:396,210
DA:398,102
DA:401,51
DA:404,50
DA:405,82
DA:406,564
DA:410,78
DA:414,52
DA:429,57
DA:430,82
DA:431,154
DA:433,144
DA:435,108
DA:436,48
DA:439,208
DA:441,94
DA:442,42
DA:445,76
DA:446,38
DA:447,50
DA:448,82
DA:449,46
DA:450,50
DA:451,98
DA:452,64
DA:453,25
DA:456,53
DA:457,160
DA:458,100
DA:460,54
DA:461,114
DA:463,122
DA:464,88
DA:465,100
DA:466,158
DA:468,230
DA:470,102
DA:473,51
DA:476,43
DA:477,94
DA:478,254
DA:479,64
DA:482,52
DA:484,37
DA:485,86
DA:486,76
DA:487,72
DA:488,88
DA:489,22
DA:490,31
DA:491,13
DA:492,51
DA:493,86
DA:494,76
DA:495,60
DA:496,78
DA:497,88
DA:498,22
DA:499,31
DA:500,13
DA:501,123
DA:502,86
DA:503,76
DA:504,60
DA:505,68
DA:506,88
DA:507,22
DA:508,31
DA:509,13
DA:511,170
DA:512,79
DA:513,199
DA:514,13
DA:516,118
DA:518,144
DA:520,68
DA:521,52
DA:524,164
DA:526,108
DA:527,48
DA:530,82
DA:531,62
DA:532,56
DA:533,84
DA:534,18
DA:536,43
DA:539,57
DA:540,160
DA:541,100
DA:543,54
DA:544,114
DA:546,122
DA:547,88
DA:548,100
DA:549,158
DA:551,238
DA:553,102
DA:556,51
DA:559,58
DA:560,82
DA:561,632
DA:566,78
DA:570,52
DA:585,68
DA:586,82
DA:587,154
DA:589,172
DA:591,108
DA:592,48
DA:595,208
DA:597,94
DA:598,42
DA:601,76
DA:602,38
DA:603,50
DA:604,82
DA:605,46
DA:606,50
DA:607,98
DA:608,64
DA:609,25
DA:612,58
DA:613,104
DA:614,122
DA:615,130
DA:617,156
DA:619,42
DA:622,89
DA:623,180
DA:625,66
DA:627,13
DA:629,65
DA:632,45
DA:633,106
DA:636,44
DA:637,74
DA:638,76
DA:639,126
DA:640,96
DA:642,65
DA:643,103
DA:644,13
DA:646,488
DA:650,100
DA:651,94
DA:655,78
DA:656,49
DA:657,129
DA:658,186
DA:661,120
DA:662,186
DA:663,133
DA:664,68
DA:666,17
DA:668,134
DA:669,146
DA:670,39
DA:671,13
DA:673,336
DA:676,70
DA:680,86
DA:681,34
DA:683,53
DA:684,66
DA:686,174
DA:689,116
DA:690,182
DA:691,153
DA:692,46
DA:694,31
DA:695,50
DA:696,158
DA:698,280
DA:701,44
DA:702,42
DA:703,74
DA:704,68
DA:705,70
DA:706,157
DA:710,118
DA:711,79
DA:712,188
DA:714,74
DA:716,26
DA:719,270
DA:721,158
DA:724,116
DA:725,146
DA:726,53
DA:729,46
DA:730,74
DA:731,76
DA:732,126
DA:733,170
DA:735,118
DA:736,114
DA:738,418
DA:741,94
DA:742,94
DA:746,138
DA:758,75
DA:759,129
DA:760,135
DA:761,17
DA:763,36
DA:764,82
DA:765,100
DA:766,106
DA:767,146
DA:768,128
DA:769,128
DA:770,122
DA:771,9
DA:772,13
DA:774,250
DA:777,80
DA:778,76
DA:782,99
DA:783,135
DA:784,13
DA:786,50
DA:787,183
DA:789,270
DA:791,176
DA:794,360
DA:797,64
DA:801,60
DA:813,162
DA:815,32
DA:816,46
DA:817,64
DA:818,70
DA:819,110
DA:820,92
DA:821,92
DA:822,86
DA:823,23
DA:826,49
DA:827,370
DA:830,100
DA:834,31
DA:835,20
DA:843,18
DA:844,38
DA:845,56
DA:846,62
DA:847,102
DA:848,84
DA:849,84
DA:850,78
DA:851,3
DA:852,13
DA:854,5
LF:532
LH:501
end_of_record
TN:
SF:src/user-store.ts
FNF:7
FNH:7
DA:4,6
DA:5,8
DA:6,7
DA:7,3
DA:8,95
DA:11,34
DA:15,37
DA:18,6
DA:19,8
DA:20,5
DA:21,3
DA:22,60
DA:24,12
DA:25,16
DA:26,22
DA:27,37
DA:28,20
DA:29,22
DA:30,44
DA:31,10
DA:32,36
DA:33,2
DA:36,6
DA:37,8
DA:38,7
DA:39,3
DA:40,145
DA:43,24
DA:47,23
DA:48,26
DA:50,34
LF:31
LH:31
end_of_record
TN:
SF:src/utils.ts
FNF:7
FNH:7
DA:1,95
DA:4,16
DA:5,34
DA:8,21
DA:9,23
DA:10,17
DA:12,29
DA:13,42
DA:14,27
DA:15,49
DA:16,46
DA:17,4
DA:18,36
DA:19,19
DA:20,17
DA:21,2
DA:23,11
DA:26,19
DA:27,47
DA:28,64
DA:29,27
DA:32,27
DA:33,43
DA:34,38
DA:35,69
DA:36,84
DA:39,16
DA:40,56
DA:45,25
DA:46,26
DA:47,19
DA:48,2
DA:50,32
DA:56,60
DA:57,36
DA:58,0
DA:60,1
DA:63,19
DA:64,56
DA:65,58
DA:66,1
LF:41
LH:40
end_of_record
